make: Entering directory '/users/kannan11/ssd/crossprefetch-asplos24-artifacts/shared_libs/simple_prefetcher/interval-tree'
gcc -Wall -ggdb -D_FILE_OFFSET_BITS=64 -fPIC -shared -o libintervaltreelib.so interval_tree.o rbtree.o -ldl
make: Leaving directory '/users/kannan11/ssd/crossprefetch-asplos24-artifacts/shared_libs/simple_prefetcher/interval-tree'
make: Entering directory '/users/kannan11/ssd/crossprefetch-asplos24-artifacts/shared_libs/simple_prefetcher/interval-tree'
sudo cp *.so /usr/local/lib
sudo cp *.so /usr/lib
sudo cp *.h /usr/local/include
sudo cp *.h /usr/include
sudo cp *.h /usr/lib/
make: Leaving directory '/users/kannan11/ssd/crossprefetch-asplos24-artifacts/shared_libs/simple_prefetcher/interval-tree'
g++  -fPIC -shared -std=c++14 -Wno-unused-result -O3  -o lib_Vanilla.so libOSonly.cpp -lpthread -lrt -ldl   \
    -DNR_RA_PAGES=1024 -DNR_WORKERS=8 -DPORTION_PAGES=64 -DMAINTAIN_UINODE -DPER_INODE_BITMAP     -DNR_ADJACENT_CHECK=4 -DMIN_FILE_SZ=`echo "1024*1024*5" | bc` -DCROSS_BITMAP_SHIFT=36
g++  -fPIC -shared -std=c++14 -Wno-unused-result -O3  -o lib_Cross_Blind.so frontend.cpp predictor.cpp uinode.cpp mpiio.cpp utils/thpool.c utils/bitarray.c utils/hashtable.c utils/thpool-simple.c utils/fsck_lock.c cache_state_tree.cpp -lpthread -lrt -ldl   \
    -DNR_RA_PAGES=1024 -DNR_WORKERS=8 -DPORTION_PAGES=64 -DMAINTAIN_UINODE -DPER_INODE_BITMAP     -DNR_ADJACENT_CHECK=4 -DMIN_FILE_SZ=`echo "1024*1024*5" | bc` -DCROSS_BITMAP_SHIFT=36 -DDISABLE_FADV_RANDOM -DDISABLE_FADV_DONTNEED -DDISABLE_FADV_SEQUENTIAL   -DTHPOOL_PREFETCH -DBLIND_PREFETCH -DDISABLE_APP_READAHEAD 
g++  -fPIC -shared -std=c++14 -Wno-unused-result -O3  -o lib_OSonly.so libOSonly.cpp -lpthread -lrt -ldl   \
    -DDISABLE_FADV_RANDOM -DDISABLE_FADV_DONTNEED -DDISABLE_FADV_SEQUENTIAL   -DDISABLE_APP_READAHEADS #-DNR_RA_PAGES=1024 -DNR_WORKERS=8 -DPORTION_PAGES=64 -DMAINTAIN_UINODE -DPER_INODE_BITMAP     -DNR_ADJACENT_CHECK=4 -DMIN_FILE_SZ=`echo "1024*1024*5" | bc` -DCROSS_BITMAP_SHIFT=36 
g++  -fPIC -shared -std=c++14 -Wno-unused-result -O3  -o lib_CIPI.so frontend.cpp predictor.cpp uinode.cpp mpiio.cpp utils/thpool.c utils/bitarray.c utils/hashtable.c utils/thpool-simple.c utils/fsck_lock.c cache_state_tree.cpp -lpthread -lrt -ldl   \
    -DNR_RA_PAGES=1024 -DNR_WORKERS=8 -DPORTION_PAGES=64 -DMAINTAIN_UINODE -DPER_INODE_BITMAP     -DNR_ADJACENT_CHECK=4 -DMIN_FILE_SZ=`echo "1024*1024*5" | bc` -DCROSS_BITMAP_SHIFT=36 -DDISABLE_FADV_RANDOM -DDISABLE_FADV_DONTNEED -DDISABLE_FADV_SEQUENTIAL   -DTHPOOL_PREFETCH -DPREDICTOR -DMODIFIED_RA -DREADAHEAD_INFO_PC_STATE -DDISABLE_APP_READAHEADS  \
    -DSET_READ_UNLIMITED -DUNSET_2MB_RA_LIMIT
g++  -fPIC -shared -std=c++14 -Wno-unused-result -O3  -o lib_CIPI_sync.so frontend.cpp predictor.cpp uinode.cpp mpiio.cpp utils/thpool.c utils/bitarray.c utils/hashtable.c utils/thpool-simple.c utils/fsck_lock.c cache_state_tree.cpp -lpthread -lrt -ldl   \
    -DNR_RA_PAGES=1024 -DNR_WORKERS=8 -DPORTION_PAGES=64 -DMAINTAIN_UINODE -DPER_INODE_BITMAP     -DNR_ADJACENT_CHECK=4 -DMIN_FILE_SZ=`echo "1024*1024*5" | bc` -DCROSS_BITMAP_SHIFT=36 -DDISABLE_FADV_RANDOM -DDISABLE_FADV_DONTNEED -DDISABLE_FADV_SEQUENTIAL   -DPREDICTOR -DMODIFIED_RA -DREADAHEAD_INFO_PC_STATE -DDISABLE_APP_READAHEADS  -DSET_READ_UNLIMITED -DUNSET_2MB_RA_LIMIT	    
g++  -fPIC -shared -std=c++14 -Wno-unused-result -O3  -o lib_CII.so frontend.cpp predictor.cpp uinode.cpp mpiio.cpp utils/thpool.c utils/bitarray.c utils/hashtable.c utils/thpool-simple.c utils/fsck_lock.c cache_state_tree.cpp -lpthread -lrt -ldl   \
    -DNR_RA_PAGES=1024 -DNR_WORKERS=8 -DPORTION_PAGES=64 -DMAINTAIN_UINODE -DPER_INODE_BITMAP     -DNR_ADJACENT_CHECK=4 -DMIN_FILE_SZ=`echo "1024*1024*5" | bc` -DCROSS_BITMAP_SHIFT=36 -DDISABLE_FADV_RANDOM -DDISABLE_FADV_DONTNEED -DDISABLE_FADV_SEQUENTIAL    -DMODIFIED_RA -DREADAHEAD_INFO_PC_STATE -DDISABLE_APP_READAHEADS -DBLIND_PREFETCH -DTHPOOL_PREFETCH   \
    -DSET_READ_UNLIMITED -DUNSET_2MB_RA_LIMIT
g++  -fPIC -shared -std=c++14 -Wno-unused-result -O3  -o lib_CII_sync.so frontend.cpp predictor.cpp uinode.cpp mpiio.cpp utils/thpool.c utils/bitarray.c utils/hashtable.c utils/thpool-simple.c utils/fsck_lock.c cache_state_tree.cpp -lpthread -lrt -ldl   \
    -DNR_RA_PAGES=1024 -DNR_WORKERS=8 -DPORTION_PAGES=64 -DMAINTAIN_UINODE -DPER_INODE_BITMAP     -DNR_ADJACENT_CHECK=4 -DMIN_FILE_SZ=`echo "1024*1024*5" | bc` -DCROSS_BITMAP_SHIFT=36 -DDISABLE_FADV_RANDOM -DDISABLE_FADV_DONTNEED -DDISABLE_FADV_SEQUENTIAL    -DMODIFIED_RA -DREADAHEAD_INFO_PC_STATE -DDISABLE_APP_READAHEADS -DBLIND_PREFETCH  \
    -DSET_READ_UNLIMITED -DUNSET_2MB_RA_LIMIT
g++  -fPIC -shared -std=c++14 -Wno-unused-result -O3  -o lib_CPBI.so frontend.cpp predictor.cpp uinode.cpp mpiio.cpp utils/thpool.c utils/bitarray.c utils/hashtable.c utils/thpool-simple.c utils/fsck_lock.c cache_state_tree.cpp -lpthread -lrt -ldl   \
    -DNR_RA_PAGES=1024 -DNR_WORKERS=8 -DPORTION_PAGES=64 -DMAINTAIN_UINODE -DPER_INODE_BITMAP     -DNR_ADJACENT_CHECK=4 -DMIN_FILE_SZ=`echo "1024*1024*5" | bc` -DCROSS_BITMAP_SHIFT=36 -DTHPOOL_PREFETCH -DPREDICTOR -DMODIFIED_RA -DENABLE_EVICTION -DREADAHEAD_INFO_PC_STATE -DDISABLE_APP_READAHEADS -DDISABLE_FADV_RANDOM -DDISABLE_FADV_DONTNEED -DDISABLE_FADV_SEQUENTIAL    -D_PERF_OPT -D_PERF_OPT_EXTREME -DSET_READ_UNLIMITED -DUNSET_2MB_RA_LIMIT 
g++  -fPIC -shared -std=c++14 -Wno-unused-result -O3  -o lib_CPBI_sync.so frontend.cpp predictor.cpp uinode.cpp mpiio.cpp utils/thpool.c utils/bitarray.c utils/hashtable.c utils/thpool-simple.c utils/fsck_lock.c cache_state_tree.cpp -lpthread -lrt -ldl   \
    -DNR_RA_PAGES=1024 -DNR_WORKERS=8 -DPORTION_PAGES=64 -DMAINTAIN_UINODE -DPER_INODE_BITMAP     -DNR_ADJACENT_CHECK=4 -DMIN_FILE_SZ=`echo "1024*1024*5" | bc` -DCROSS_BITMAP_SHIFT=36 -DDISABLE_FADV_RANDOM -DDISABLE_FADV_DONTNEED -DDISABLE_FADV_SEQUENTIAL   -DPREDICTOR -DMODIFIED_RA -DREADAHEAD_INFO_PC_STATE -DDISABLE_APP_READAHEADS -DENABLE_EVICTION  \
    -DSET_READ_UNLIMITED -DUNSET_2MB_RA_LIMIT
g++  -fPIC -shared -std=c++14 -Wno-unused-result -O3  -o lib_CIP_sync.so frontend.cpp predictor.cpp uinode.cpp mpiio.cpp utils/thpool.c utils/bitarray.c utils/hashtable.c utils/thpool-simple.c utils/fsck_lock.c cache_state_tree.cpp -lpthread -lrt -ldl   \
    -DNR_RA_PAGES=1024 -DNR_WORKERS=8 -DPORTION_PAGES=64 -DMAINTAIN_UINODE -DPER_INODE_BITMAP     -DNR_ADJACENT_CHECK=4 -DMIN_FILE_SZ=`echo "1024*1024*5" | bc` -DCROSS_BITMAP_SHIFT=36 -DDISABLE_FADV_RANDOM -DDISABLE_FADV_DONTNEED -DDISABLE_FADV_SEQUENTIAL   -DPREDICTOR -DMODIFIED_RA -DREADAHEAD_INFO_PC_STATE -DDISABLE_APP_READAHEADS 
g++  -fPIC -shared -std=c++14 -Wno-unused-result -O3  -o lib_CIPI_PERF.so frontend.cpp predictor.cpp uinode.cpp mpiio.cpp utils/thpool.c utils/bitarray.c utils/hashtable.c utils/thpool-simple.c utils/fsck_lock.c cache_state_tree.cpp -lpthread -lrt -ldl   \
    -DNR_RA_PAGES=1024 -DNR_WORKERS=8 -DPORTION_PAGES=64 -DMAINTAIN_UINODE -DPER_INODE_BITMAP     -DNR_ADJACENT_CHECK=4 -DMIN_FILE_SZ=`echo "1024*1024*5" | bc` -DCROSS_BITMAP_SHIFT=36  \
    -DSET_READ_UNLIMITED -DUNSET_2MB_RA_LIMIT -DMODIFIED_RA -DREADAHEAD_INFO_PC_STATE  -DTHPOOL_PREFETCH -DSET_READ_UNLIMITED -DUNSET_2MB_RA_LIMIT -DSET_READ_UNLIMITED -ljemalloc -D_PERF_OPT_EXTREME -D_PERF_OPT -DPREFETCH_BOOST -DDISABLE_FADV_RANDOM -DDISABLE_FADV_DONTNEED -DDISABLE_FADV_SEQUENTIAL   -DTUNE -DPREDICTOR  
g++  -fPIC -shared -std=c++14 -Wno-unused-result -O3  -o lib_CPBI_PERF.so frontend.cpp predictor.cpp uinode.cpp mpiio.cpp utils/thpool.c utils/bitarray.c utils/hashtable.c utils/thpool-simple.c utils/fsck_lock.c cache_state_tree.cpp -lpthread -lrt -ldl   -DNR_RA_PAGES=1024 -DNR_WORKERS=8 -DPORTION_PAGES=64 -DMAINTAIN_UINODE -DPER_INODE_BITMAP     -DNR_ADJACENT_CHECK=4 -DMIN_FILE_SZ=`echo "1024*1024*5" | bc` -DCROSS_BITMAP_SHIFT=36 -DTHPOOL_PREFETCH -DPREDICTOR -DMODIFIED_RA -DENABLE_EVICTION -DREADAHEAD_INFO_PC_STATE -DDISABLE_APP_READAHEADS -DDISABLE_FADV_RANDOM -DDISABLE_FADV_DONTNEED -DDISABLE_FADV_SEQUENTIAL   \
       	-DSET_READ_UNLIMITED -DUNSET_2MB_RA_LIMIT -ljemalloc -D_PERF_OPT -D_PERF_OPT_EXTREME -DPREFETCH_BOOST
g++  -fPIC -shared -std=c++14 -Wno-unused-result -O3  -o lib_CIPI_interval.so frontend.cpp predictor.cpp uinode.cpp mpiio.cpp utils/thpool.c utils/bitarray.c utils/hashtable.c utils/thpool-simple.c utils/fsck_lock.c cache_state_tree.cpp -lpthread -lrt -ldl  -Wl,--no-as-needed -lintervaltreelib  \
	-DNR_RA_PAGES=1024 -DNR_WORKERS=8 -DPORTION_PAGES=64 -DMAINTAIN_UINODE -DPER_INODE_BITMAP     -DNR_ADJACENT_CHECK=4 -DMIN_FILE_SZ=`echo "1024*1024*5" | bc` -DCROSS_BITMAP_SHIFT=36 -DDISABLE_FADV_RANDOM -DDISABLE_FADV_DONTNEED -DDISABLE_FADV_SEQUENTIAL   -DTHPOOL_PREFETCH -DPREDICTOR -DMODIFIED_RA -DREADAHEAD_INFO_PC_STATE -DDISABLE_APP_READAHEADS  \
	-DSET_READ_UNLIMITED -DUNSET_2MB_RA_LIMIT -DINTERVAL_BITMAP  -D_PERF_OPT -D_PERF_OPT_EXTREME -DDISABLE_RWLOCK
g++  -fPIC -shared -std=c++14 -Wno-unused-result -O3  -o lib_CIPI_mmap.so frontend.cpp predictor.cpp uinode.cpp mpiio.cpp utils/thpool.c utils/bitarray.c utils/hashtable.c utils/thpool-simple.c utils/fsck_lock.c cache_state_tree.cpp -lpthread -lrt -ldl   \
	-DNR_RA_PAGES=1024 -DNR_WORKERS=8 -DPORTION_PAGES=64 -DMAINTAIN_UINODE -DPER_INODE_BITMAP     -DNR_ADJACENT_CHECK=4 -DMIN_FILE_SZ=`echo "1024*1024*5" | bc` -DCROSS_BITMAP_SHIFT=36 -DDISABLE_FADV_RANDOM -DDISABLE_FADV_DONTNEED -DDISABLE_FADV_SEQUENTIAL   -DTHPOOL_PREFETCH -DPREDICTOR -DMODIFIED_RA -DREADAHEAD_INFO_PC_STATE -DDISABLE_APP_READAHEADS  \
	-DSET_READ_UNLIMITED -DUNSET_2MB_RA_LIMIT -DMMAP_PREDICT
g++  -fPIC -shared -std=c++14 -Wno-unused-result -O3  -o lib_CIPI_PERF_NOOPT.so frontend.cpp predictor.cpp uinode.cpp mpiio.cpp utils/thpool.c utils/bitarray.c utils/hashtable.c utils/thpool-simple.c utils/fsck_lock.c cache_state_tree.cpp -lpthread -lrt -ldl   \
    -DNR_RA_PAGES=1024 -DNR_WORKERS=8 -DPORTION_PAGES=64 -DMAINTAIN_UINODE -DPER_INODE_BITMAP     -DNR_ADJACENT_CHECK=4 -DMIN_FILE_SZ=`echo "1024*1024*5" | bc` -DCROSS_BITMAP_SHIFT=36 -DPREDICTOR -DMODIFIED_RA -DREADAHEAD_INFO_PC_STATE  -DTHPOOL_PREFETCH -ljemalloc -D_PERF_OPT_EXTREME -D_PERF_OPT 
Makefile:161: recipe for target 'Cross_Info_Pred_Budget_IOOPT_sync' failed
make: *** [Cross_Info_Pred_Budget_IOOPT_sync] Interrupt
Makefile:157: recipe for target 'Cross_Info_Pred_Budget_IOOPT' failed
make: *** [Cross_Info_Pred_Budget_IOOPT] Interrupt
Makefile:137: recipe for target 'Cross_Info_Pred_Budget_IOOPT_PERF' failed
make: *** [Cross_Info_Pred_Budget_IOOPT_PERF] Interrupt
Makefile:104: recipe for target 'Cross_Info_IOOPT_sync' failed
make: *** [Cross_Info_IOOPT_sync] Interrupt
Makefile:127: recipe for target 'Cross_Info_Predict_IOOPT_PERF' failed
make: *** [Cross_Info_Predict_IOOPT_PERF] Interrupt
Makefile:147: recipe for target 'Cross_Info_Predict_MMAP' failed
make: *** [Cross_Info_Predict_MMAP] Interrupt
Makefile:153: recipe for target 'Cross_Info_Predict_IOOPT_sync' failed
make: *** [Cross_Info_Predict_IOOPT_sync] Interrupt
Makefile:142: recipe for target 'Cross_Info_Predict_IOOPT_ITER' failed
make: *** [Cross_Info_Predict_IOOPT_ITER] Interrupt
Makefile:116: recipe for target 'Cross_Info_Predict_IOOPT' failed
make: *** [Cross_Info_Predict_IOOPT] Interrupt
Makefile:110: recipe for target 'Cross_Info_Predict_sync' failed
make: *** [Cross_Info_Predict_sync] Interrupt
Makefile:132: recipe for target 'Cross_Info_Predict_IOOPT_PERF_NOOPT' failed
make: *** [Cross_Info_Predict_IOOPT_PERF_NOOPT] Interrupt
Makefile:98: recipe for target 'Cross_Info_IOOPT' failed
make: *** [Cross_Info_IOOPT] Interrupt
Makefile:168: recipe for target 'Cross_Blind' failed
make: *** [Cross_Blind] Interrupt
